[37mDEBU[0m[02 Jul 18 23:53 +0200] PreRun                                        [37marguments[0m=[] [37mcommand[0m=deploy
[37mDEBU[0m[02 Jul 18 23:53 +0200] configure debug middleware                   
[37mDEBU[0m[02 Jul 18 23:53 +0200] configure logging middleware                 
[37mDEBU[0m[02 Jul 18 23:53 +0200] setup logger middleware: panic               
[37mDEBU[0m[02 Jul 18 23:53 +0200] configure auth middleware                    
[37mDEBU[0m[02 Jul 18 23:53 +0200] setup credentials                             [37mcredentials[0m=0x146b000
[37mDEBU[0m[02 Jul 18 23:53 +0200] configure client middleware                  
[37mDEBU[0m[02 Jul 18 23:53 +0200] setup API endpoint                            [37mendpoint[0m="https://api.netlify.com"
[37mDEBU[0m[02 Jul 18 23:53 +0200] configure site middleware                    
[37mDEBU[0m[02 Jul 18 23:53 +0200] Querying for existing sites                  
[37mDEBU[0m[02 Jul 18 23:53 +0200] GET /api/v1/sites?filter=all&name=58deschartrons HTTP/1.1
Host: api.netlify.com
User-Agent: netlifyctl
Accept: application/json
Authorization: Bearer 55b0a855be13c90ae6af7485f13ec09923b1602fddbb83488fb683e519ed0898
Accept-Encoding: gzip


 
[37mDEBU[0m[02 Jul 18 23:53 +0200] HTTP/1.1 200 OK
Transfer-Encoding: chunked
Alt-Svc: clear
Cache-Control: max-age=0, private, must-revalidate
Content-Type: application/json; charset=utf-8
Date: Mon, 02 Jul 2018 21:53:41 GMT
Etag: W/"81b08085853c4e8e04109701a8b41fab"
Link: <https://api.netlify.com/api/v1/sites?filter=all&name=58deschartrons&page=1>; rel=last
Total: 1
Vary: Origin
Via: 1.1 google
X-Frame-Options: ALLOWALL
X-Ratelimit-Limit: 100000000
X-Ratelimit-Remaining: 99999990
X-Ratelimit-Reset: 2018-07-02 21:54:41 UTC
X-Request-Id: 8ef90353-79be-44d9-868e-b5a269615d53
X-Runtime: 0.046186

f7e
[{"id":"c22d0efa-6972-48c7-846c-3197412e6f11","site_id":"c22d0efa-6972-48c7-846c-3197412e6f11","plan":"nf_team_dev","plan_data":{"title":"Netlify Team Free","asset_acceleration":true,"form_processing":true,"cdn_propagation":"partial","build_gc_exchange":"buildbot-gc","build_node_pool":"buildbot-external-ssd","build_cluster":"ha2","domain_aliases":true,"secure_site":false,"prerendering":true,"proxying":true,"ssl":"custom","rate_cents":0,"yearly_rate_cents":0,"cdn_network":"free_cdn_network","branch_deploy":true,"managed_dns":true,"geo_ip":true,"split_testing":true,"id":"nf_team_dev"},"ssl_plan":null,"premium":false,"claimed":true,"name":"58deschartrons","custom_domain":"www.58deschartrons.com","domain_aliases":[],"password":null,"notification_email":null,"url":"https://www.58deschartrons.com","admin_url":"https://app.netlify.com/sites/58deschartrons","deploy_id":"5b38c24cfdd72a46dc56914a","build_id":"","deploy_url":"http://5b38c24cfdd72a46dc56914a.58deschartrons.netlify.com","state":"current","screenshot_url":"https://353a23c500dde3b2ad58-c49fe7e7355d384845270f4a7a0a7aa1.ssl.cf2.rackcdn.com/5b38c24cfdd72a46dc56914a/screenshot.png","created_at":"2018-07-01T12:00:12.942Z","updated_at":"2018-07-02T21:53:19.913Z","user_id":"5b3807ee792f892b7c5c3e9e","error_message":null,"ssl":true,"ssl_url":"https://www.58deschartrons.com","force_ssl":true,"ssl_status":null,"max_domain_aliases":100,"build_settings":{"cmd":"gatsby build","dir":"public/","env":{},"created_at":"2018-07-01T12:00:12.968Z","updated_at":"2018-07-01T12:00:12.968Z","public_repo":false,"private_logs":null,"allowed_branches":["master"],"functions_dir":null,"provider":"github","repo_type":"git","repo_url":"https://github.com/Mheaus/58DesChartrons","repo_branch":"master","repo_path":"Mheaus/58DesChartrons","base":null,"deploy_key_id":"5b38c24b3813f00cca8a6abf"},"processing_settings":{"css":{"bundle":true,"minify":true},"js":{"bundle":true,"minify":true},"images":{"optimize":true},"html":{"pretty_urls":true},"skip":false},"prerender":"netlify","prerender_headers":null,"deploy_hook":"https://api.netlify.com/hooks/github","published_deploy":{"id":"5b38c24cfdd72a46dc56914a","site_id":"c22d0efa-6972-48c7-846c-3197412e6f11","build_id":"5b38c24cfdd72a46dc56914b","state":"ready","name":"58deschartrons","url":"https://www.58deschartrons.com","ssl_url":"https://www.58deschartrons.com","admin_url":"https://app.netlify.com/sites/58deschartrons","deploy_url":"http://5b38c24cfdd72a46dc56914a.58deschartrons.netlify.com","deploy_ssl_url":"https://5b38c24cfdd72a46dc56914a--58deschartrons.netlify.com","created_at":"2018-07-01T12:00:12.981Z","updated_at":"2018-07-02T21:53:19.922Z","user_id":"5b3807ee792f892b7c5c3e9e","error_message":null,"required":[],"required_functions":[],"commit_ref":null,"review_id":null,"branch":"master","commit_url":null,"skipped":null,"locked":null,"log_access_attributes":{"type":"firebase","url":"https://netlify.firebaseio.com/builds/5b38c24cfdd72a46dc56914b/log"},"title":null,"review_url":null,"published_at":"2018-07-01T12:01:04.901Z","context":"production","deploy_time":50,"available_functions":[]},"managed_dns":true,"jwt_secret":null,"account_slug":"mheaus","account_name":"Mathieu Audebert","account_type":"personal","capabilities":{"title":"Netlify Team Free","asset_acceleration":true,"form_processing":true,"cdn_propagation":"partial","build_gc_exchange":"buildbot-gc","build_node_pool":"buildbot-external-ssd","build_cluster":"ha2","domain_aliases":true,"secure_site":false,"prerendering":true,"proxying":true,"ssl":"custom","rate_cents":0,"yearly_rate_cents":0,"cdn_network":"free_cdn_network","branch_deploy":true,"managed_dns":true,"geo_ip":true,"split_testing":true,"id":"nf_team_dev"},"active_subscription_ids":[],"external_contributors_enabled":true,"paid_individual_site_subscription":false,"dns_zone_id":"5b38c9d0792f8930775c3e7d","identity_instance_id":null,"use_functions":null,"parent_user_id":null,"automatic_tls_provisioning":null}]
0


 
[37mDEBU[0m[02 Jul 18 23:53 +0200] Got new path from the user                   
[37mDEBU[0m[02 Jul 18 23:53 +0200] Relative path detected, going to deploy: '/Users/mheos/work/001-sas_assiette_dyves/58DesChartrons' 
[37mDEBU[0m[02 Jul 18 23:53 +0200] deploying site                                [37mdraft[0m=false [37mpath[0m="/Users/mheos/work/001-sas_assiette_dyves/58DesChartrons" [37msite[0m=c22d0efa-6972-48c7-846c-3197412e6f11
[31mERRO[0m[02 Jul 18 23:53 +0200] command failed                                [31merror[0m="Invalid filename 'node_modules/es5-ext/test/array/#/slice/index.js'. Deployed filenames cannot contain # or ? characters"
